
thg 9 26, 2024 16:38:38.96 NEW SESSION
thg 9 26, 2024 16:38:38.97 [4152:13804:0926/163838.965:ERROR:registration_request.cc(291)] Registration response error message: DEPRECATED_ENDPOINT
thg 9 26, 2024 16:38:39.33 Created TensorFlow Lite XNNPACK delegate for CPU.
thg 9 26, 2024 16:38:41.96 Attempting to use a delegate that only supports static-sized tensors with a graph that has dynamic-sized tensors (tensor#58 is a dynamic-sized tensor).
thg 9 26, 2024 16:39:02.65 [4152:13804:0926/163902.651:ERROR:registration_request.cc(291)] Registration response error message: DEPRECATED_ENDPOINT
thg 9 26, 2024 16:39:50.79 [4152:13804:0926/163950.795:ERROR:registration_request.cc(291)] Registration response error message: DEPRECATED_ENDPOINT
thg 9 26, 2024 16:41:16.91 [4152:13804:0926/164116.910:ERROR:registration_request.cc(291)] Registration response error message: DEPRECATED_ENDPOINT
thg 9 26, 2024 16:45:14.70 [4152:13804:0926/164514.700:ERROR:registration_request.cc(291)] Registration response error message: DEPRECATED_ENDPOINT

thg 9 26, 2024 17:28:19.09 NEW SESSION
thg 9 26, 2024 17:28:19.11 Created TensorFlow Lite XNNPACK delegate for CPU.
thg 9 26, 2024 17:28:19.20 [9800:14536:0926/172819.200:ERROR:registration_request.cc(291)] Registration response error message: DEPRECATED_ENDPOINT
thg 9 26, 2024 17:28:41.93 [9800:14536:0926/172841.935:ERROR:registration_request.cc(291)] Registration response error message: DEPRECATED_ENDPOINT
thg 9 26, 2024 17:29:17.80 Attempting to use a delegate that only supports static-sized tensors with a graph that has dynamic-sized tensors (tensor#58 is a dynamic-sized tensor).
thg 9 26, 2024 17:29:35.84 [9800:14536:0926/172935.842:ERROR:registration_request.cc(291)] Registration response error message: DEPRECATED_ENDPOINT
thg 9 26, 2024 17:31:24.04 [9800:14536:0926/173124.040:ERROR:registration_request.cc(291)] Registration response error message: DEPRECATED_ENDPOINT

thg 9 26, 2024 17:32:38.37 NEW SESSION
thg 9 26, 2024 17:32:38.39 Created TensorFlow Lite XNNPACK delegate for CPU.
thg 9 26, 2024 17:32:38.47 [11880:15116:0926/173238.479:ERROR:registration_request.cc(291)] Registration response error message: DEPRECATED_ENDPOINT
thg 9 26, 2024 17:33:05.93 [11880:15116:0926/173305.930:ERROR:registration_request.cc(291)] Registration response error message: DEPRECATED_ENDPOINT
thg 9 26, 2024 17:33:11.10 Attempting to use a delegate that only supports static-sized tensors with a graph that has dynamic-sized tensors (tensor#58 is a dynamic-sized tensor).
thg 9 26, 2024 17:33:51.58 [11880:15116:0926/173351.585:ERROR:registration_request.cc(291)] Registration response error message: DEPRECATED_ENDPOINT
thg 9 26, 2024 17:35:32.82 [11880:15116:0926/173532.826:ERROR:registration_request.cc(291)] Registration response error message: DEPRECATED_ENDPOINT
thg 9 26, 2024 17:38:19.46 [11880:15116:0926/173819.461:ERROR:registration_request.cc(291)] Registration response error message: DEPRECATED_ENDPOINT
thg 9 26, 2024 17:40:26.04 Created TensorFlow Lite XNNPACK delegate for CPU.
thg 9 26, 2024 17:40:26.16 [13416:12208:0926/174026.159:ERROR:registration_request.cc(291)] Registration response error message: DEPRECATED_ENDPOINT
thg 9 26, 2024 17:40:51.87 [13416:12208:0926/174051.878:ERROR:registration_request.cc(291)] Registration response error message: DEPRECATED_ENDPOINT
thg 9 26, 2024 17:40:58.81 Attempting to use a delegate that only supports static-sized tensors with a graph that has dynamic-sized tensors (tensor#58 is a dynamic-sized tensor).
thg 9 26, 2024 17:41:43.97 [13416:12208:0926/174143.974:ERROR:registration_request.cc(291)] Registration response error message: DEPRECATED_ENDPOINT
thg 9 26, 2024 17:42:49.08 [13416:8884:0926/174249.088:ERROR:CONSOLE(1)] "Unknown VE context: -webkit-text-size-adjust", source: devtools://devtools/bundled/devtools-frontend/front_end/ui/visual_logging/visual_logging.js (1)
thg 9 26, 2024 17:42:49.08 [13416:8884:0926/174249.088:ERROR:CONSOLE(1)] "Unknown VE context: -moz-tab-size", source: devtools://devtools/bundled/devtools-frontend/front_end/ui/visual_logging/visual_logging.js (1)
thg 9 26, 2024 17:42:49.09 [13416:8884:0926/174249.090:ERROR:CONSOLE(1)] "Unknown VE context: -o-tab-size", source: devtools://devtools/bundled/devtools-frontend/front_end/ui/visual_logging/visual_logging.js (1)
thg 9 26, 2024 17:42:49.09 [13416:8884:0926/174249.095:ERROR:CONSOLE(1)] "Unknown VE context: -webkit-text-size-adjust", source: devtools://devtools/bundled/devtools-frontend/front_end/ui/visual_logging/visual_logging.js (1)
thg 9 26, 2024 17:42:49.52 [13416:8884:0926/174249.529:ERROR:CONSOLE(1)] "Unknown VE context: -webkit-text-size-adjust", source: devtools://devtools/bundled/devtools-frontend/front_end/ui/visual_logging/visual_logging.js (1)
thg 9 26, 2024 17:42:49.53 [13416:8884:0926/174249.530:ERROR:CONSOLE(1)] "Unknown VE context: -moz-tab-size", source: devtools://devtools/bundled/devtools-frontend/front_end/ui/visual_logging/visual_logging.js (1)
thg 9 26, 2024 17:42:49.53 [13416:8884:0926/174249.530:ERROR:CONSOLE(1)] "Unknown VE context: -o-tab-size", source: devtools://devtools/bundled/devtools-frontend/front_end/ui/visual_logging/visual_logging.js (1)
thg 9 26, 2024 17:42:49.53 [13416:8884:0926/174249.535:ERROR:CONSOLE(1)] "Unknown VE context: -webkit-text-size-adjust", source: devtools://devtools/bundled/devtools-frontend/front_end/ui/visual_logging/visual_logging.js (1)
thg 9 26, 2024 17:42:49.91 [13416:8884:0926/174249.915:ERROR:CONSOLE(1)] "Unknown VE context: -webkit-text-size-adjust", source: devtools://devtools/bundled/devtools-frontend/front_end/ui/visual_logging/visual_logging.js (1)
thg 9 26, 2024 17:42:49.91 [13416:8884:0926/174249.915:ERROR:CONSOLE(1)] "Unknown VE context: -moz-tab-size", source: devtools://devtools/bundled/devtools-frontend/front_end/ui/visual_logging/visual_logging.js (1)
thg 9 26, 2024 17:42:49.91 [13416:8884:0926/174249.915:ERROR:CONSOLE(1)] "Unknown VE context: -o-tab-size", source: devtools://devtools/bundled/devtools-frontend/front_end/ui/visual_logging/visual_logging.js (1)
thg 9 26, 2024 17:42:49.91 [13416:8884:0926/174249.916:ERROR:CONSOLE(1)] "Unknown VE context: -webkit-text-size-adjust", source: devtools://devtools/bundled/devtools-frontend/front_end/ui/visual_logging/visual_logging.js (1)
thg 9 26, 2024 17:42:50.11 [13416:8884:0926/174250.118:ERROR:CONSOLE(1)] "Unknown VE context: -webkit-text-size-adjust", source: devtools://devtools/bundled/devtools-frontend/front_end/ui/visual_logging/visual_logging.js (1)
thg 9 26, 2024 17:42:50.11 [13416:8884:0926/174250.118:ERROR:CONSOLE(1)] "Unknown VE context: -moz-tab-size", source: devtools://devtools/bundled/devtools-frontend/front_end/ui/visual_logging/visual_logging.js (1)
thg 9 26, 2024 17:42:50.11 [13416:8884:0926/174250.118:ERROR:CONSOLE(1)] "Unknown VE context: -o-tab-size", source: devtools://devtools/bundled/devtools-frontend/front_end/ui/visual_logging/visual_logging.js (1)
thg 9 26, 2024 17:42:50.12 [13416:8884:0926/174250.122:ERROR:CONSOLE(1)] "Unknown VE context: -webkit-text-size-adjust", source: devtools://devtools/bundled/devtools-frontend/front_end/ui/visual_logging/visual_logging.js (1)
thg 9 26, 2024 17:42:50.54 [13416:8884:0926/174250.543:ERROR:CONSOLE(1)] "Unknown VE context: -webkit-text-size-adjust", source: devtools://devtools/bundled/devtools-frontend/front_end/ui/visual_logging/visual_logging.js (1)
thg 9 26, 2024 17:42:50.54 [13416:8884:0926/174250.543:ERROR:CONSOLE(1)] "Unknown VE context: -moz-tab-size", source: devtools://devtools/bundled/devtools-frontend/front_end/ui/visual_logging/visual_logging.js (1)
thg 9 26, 2024 17:42:50.54 [13416:8884:0926/174250.543:ERROR:CONSOLE(1)] "Unknown VE context: -o-tab-size", source: devtools://devtools/bundled/devtools-frontend/front_end/ui/visual_logging/visual_logging.js (1)
thg 9 26, 2024 17:42:50.54 [13416:8884:0926/174250.543:ERROR:CONSOLE(1)] "Unknown VE context: -webkit-text-size-adjust", source: devtools://devtools/bundled/devtools-frontend/front_end/ui/visual_logging/visual_logging.js (1)
thg 9 26, 2024 17:42:51.25 [13416:8884:0926/174251.251:ERROR:CONSOLE(1)] "Unknown VE context: -webkit-text-size-adjust", source: devtools://devtools/bundled/devtools-frontend/front_end/ui/visual_logging/visual_logging.js (1)
thg 9 26, 2024 17:42:51.25 [13416:8884:0926/174251.251:ERROR:CONSOLE(1)] "Unknown VE context: -moz-tab-size", source: devtools://devtools/bundled/devtools-frontend/front_end/ui/visual_logging/visual_logging.js (1)
thg 9 26, 2024 17:42:51.25 [13416:8884:0926/174251.251:ERROR:CONSOLE(1)] "Unknown VE context: -o-tab-size", source: devtools://devtools/bundled/devtools-frontend/front_end/ui/visual_logging/visual_logging.js (1)
thg 9 26, 2024 17:42:51.25 [13416:8884:0926/174251.251:ERROR:CONSOLE(1)] "Unknown VE context: -webkit-text-size-adjust", source: devtools://devtools/bundled/devtools-frontend/front_end/ui/visual_logging/visual_logging.js (1)
thg 9 26, 2024 17:42:51.58 [13416:8884:0926/174251.582:ERROR:CONSOLE(1)] "Unknown VE context: -webkit-text-size-adjust", source: devtools://devtools/bundled/devtools-frontend/front_end/ui/visual_logging/visual_logging.js (1)
thg 9 26, 2024 17:42:51.58 [13416:8884:0926/174251.582:ERROR:CONSOLE(1)] "Unknown VE context: -moz-tab-size", source: devtools://devtools/bundled/devtools-frontend/front_end/ui/visual_logging/visual_logging.js (1)
thg 9 26, 2024 17:42:51.58 [13416:8884:0926/174251.583:ERROR:CONSOLE(1)] "Unknown VE context: -o-tab-size", source: devtools://devtools/bundled/devtools-frontend/front_end/ui/visual_logging/visual_logging.js (1)
thg 9 26, 2024 17:42:51.58 [13416:8884:0926/174251.587:ERROR:CONSOLE(1)] "Unknown VE context: -webkit-text-size-adjust", source: devtools://devtools/bundled/devtools-frontend/front_end/ui/visual_logging/visual_logging.js (1)
thg 9 26, 2024 17:42:52.06 [13416:8884:0926/174252.064:ERROR:CONSOLE(1)] "Unknown VE context: -webkit-text-size-adjust", source: devtools://devtools/bundled/devtools-frontend/front_end/ui/visual_logging/visual_logging.js (1)
thg 9 26, 2024 17:42:52.06 [13416:8884:0926/174252.064:ERROR:CONSOLE(1)] "Unknown VE context: -moz-tab-size", source: devtools://devtools/bundled/devtools-frontend/front_end/ui/visual_logging/visual_logging.js (1)
thg 9 26, 2024 17:42:52.06 [13416:8884:0926/174252.064:ERROR:CONSOLE(1)] "Unknown VE context: -o-tab-size", source: devtools://devtools/bundled/devtools-frontend/front_end/ui/visual_logging/visual_logging.js (1)
thg 9 26, 2024 17:42:52.06 [13416:8884:0926/174252.069:ERROR:CONSOLE(1)] "Unknown VE context: -webkit-text-size-adjust", source: devtools://devtools/bundled/devtools-frontend/front_end/ui/visual_logging/visual_logging.js (1)
thg 9 26, 2024 17:42:52.34 [13416:8884:0926/174252.343:ERROR:CONSOLE(1)] "Unknown VE context: -webkit-text-size-adjust", source: devtools://devtools/bundled/devtools-frontend/front_end/ui/visual_logging/visual_logging.js (1)
thg 9 26, 2024 17:42:52.34 [13416:8884:0926/174252.343:ERROR:CONSOLE(1)] "Unknown VE context: -moz-tab-size", source: devtools://devtools/bundled/devtools-frontend/front_end/ui/visual_logging/visual_logging.js (1)
thg 9 26, 2024 17:42:52.34 [13416:8884:0926/174252.343:ERROR:CONSOLE(1)] "Unknown VE context: -o-tab-size", source: devtools://devtools/bundled/devtools-frontend/front_end/ui/visual_logging/visual_logging.js (1)
thg 9 26, 2024 17:42:52.34 [13416:8884:0926/174252.343:ERROR:CONSOLE(1)] "Unknown VE context: -webkit-text-size-adjust", source: devtools://devtools/bundled/devtools-frontend/front_end/ui/visual_logging/visual_logging.js (1)
thg 9 26, 2024 17:42:53.13 [13416:8884:0926/174253.130:ERROR:CONSOLE(1)] "Unknown VE context: -webkit-text-size-adjust", source: devtools://devtools/bundled/devtools-frontend/front_end/ui/visual_logging/visual_logging.js (1)
thg 9 26, 2024 17:42:53.13 [13416:8884:0926/174253.130:ERROR:CONSOLE(1)] "Unknown VE context: -moz-tab-size", source: devtools://devtools/bundled/devtools-frontend/front_end/ui/visual_logging/visual_logging.js (1)
thg 9 26, 2024 17:42:53.13 [13416:8884:0926/174253.130:ERROR:CONSOLE(1)] "Unknown VE context: -o-tab-size", source: devtools://devtools/bundled/devtools-frontend/front_end/ui/visual_logging/visual_logging.js (1)
thg 9 26, 2024 17:42:53.13 [13416:8884:0926/174253.130:ERROR:CONSOLE(1)] "Unknown VE context: -webkit-text-size-adjust", source: devtools://devtools/bundled/devtools-frontend/front_end/ui/visual_logging/visual_logging.js (1)
thg 9 26, 2024 17:42:53.45 [13416:8884:0926/174253.451:ERROR:CONSOLE(1)] "Unknown VE context: -webkit-text-size-adjust", source: devtools://devtools/bundled/devtools-frontend/front_end/ui/visual_logging/visual_logging.js (1)
thg 9 26, 2024 17:42:53.45 [13416:8884:0926/174253.451:ERROR:CONSOLE(1)] "Unknown VE context: -moz-tab-size", source: devtools://devtools/bundled/devtools-frontend/front_end/ui/visual_logging/visual_logging.js (1)
thg 9 26, 2024 17:42:53.45 [13416:8884:0926/174253.451:ERROR:CONSOLE(1)] "Unknown VE context: -o-tab-size", source: devtools://devtools/bundled/devtools-frontend/front_end/ui/visual_logging/visual_logging.js (1)
thg 9 26, 2024 17:42:53.45 [13416:8884:0926/174253.451:ERROR:CONSOLE(1)] "Unknown VE context: -webkit-text-size-adjust", source: devtools://devtools/bundled/devtools-frontend/front_end/ui/visual_logging/visual_logging.js (1)
thg 9 26, 2024 17:42:53.88 [13416:8884:0926/174253.881:ERROR:CONSOLE(1)] "Unknown VE context: -webkit-text-size-adjust", source: devtools://devtools/bundled/devtools-frontend/front_end/ui/visual_logging/visual_logging.js (1)
thg 9 26, 2024 17:42:53.88 [13416:8884:0926/174253.881:ERROR:CONSOLE(1)] "Unknown VE context: -moz-tab-size", source: devtools://devtools/bundled/devtools-frontend/front_end/ui/visual_logging/visual_logging.js (1)
thg 9 26, 2024 17:42:53.88 [13416:8884:0926/174253.881:ERROR:CONSOLE(1)] "Unknown VE context: -o-tab-size", source: devtools://devtools/bundled/devtools-frontend/front_end/ui/visual_logging/visual_logging.js (1)
thg 9 26, 2024 17:42:53.88 [13416:8884:0926/174253.881:ERROR:CONSOLE(1)] "Unknown VE context: -webkit-text-size-adjust", source: devtools://devtools/bundled/devtools-frontend/front_end/ui/visual_logging/visual_logging.js (1)
thg 9 26, 2024 17:42:54.23 [13416:8884:0926/174254.239:ERROR:CONSOLE(1)] "Unknown VE context: -webkit-text-size-adjust", source: devtools://devtools/bundled/devtools-frontend/front_end/ui/visual_logging/visual_logging.js (1)
thg 9 26, 2024 17:42:54.23 [13416:8884:0926/174254.239:ERROR:CONSOLE(1)] "Unknown VE context: -moz-tab-size", source: devtools://devtools/bundled/devtools-frontend/front_end/ui/visual_logging/visual_logging.js (1)
thg 9 26, 2024 17:42:54.23 [13416:8884:0926/174254.239:ERROR:CONSOLE(1)] "Unknown VE context: -o-tab-size", source: devtools://devtools/bundled/devtools-frontend/front_end/ui/visual_logging/visual_logging.js (1)
thg 9 26, 2024 17:42:54.24 [13416:8884:0926/174254.239:ERROR:CONSOLE(1)] "Unknown VE context: -webkit-text-size-adjust", source: devtools://devtools/bundled/devtools-frontend/front_end/ui/visual_logging/visual_logging.js (1)
thg 9 26, 2024 17:42:54.53 [13416:8884:0926/174254.533:ERROR:CONSOLE(1)] "Unknown VE context: -webkit-text-size-adjust", source: devtools://devtools/bundled/devtools-frontend/front_end/ui/visual_logging/visual_logging.js (1)
thg 9 26, 2024 17:42:54.53 [13416:8884:0926/174254.534:ERROR:CONSOLE(1)] "Unknown VE context: -moz-tab-size", source: devtools://devtools/bundled/devtools-frontend/front_end/ui/visual_logging/visual_logging.js (1)
thg 9 26, 2024 17:42:54.53 [13416:8884:0926/174254.534:ERROR:CONSOLE(1)] "Unknown VE context: -o-tab-size", source: devtools://devtools/bundled/devtools-frontend/front_end/ui/visual_logging/visual_logging.js (1)
thg 9 26, 2024 17:42:54.53 [13416:8884:0926/174254.534:ERROR:CONSOLE(1)] "Unknown VE context: -webkit-text-size-adjust", source: devtools://devtools/bundled/devtools-frontend/front_end/ui/visual_logging/visual_logging.js (1)
thg 9 26, 2024 17:42:54.97 [13416:8884:0926/174254.973:ERROR:CONSOLE(1)] "Unknown VE context: -webkit-text-size-adjust", source: devtools://devtools/bundled/devtools-frontend/front_end/ui/visual_logging/visual_logging.js (1)
thg 9 26, 2024 17:42:54.97 [13416:8884:0926/174254.976:ERROR:CONSOLE(1)] "Unknown VE context: -moz-tab-size", source: devtools://devtools/bundled/devtools-frontend/front_end/ui/visual_logging/visual_logging.js (1)
thg 9 26, 2024 17:42:54.97 [13416:8884:0926/174254.976:ERROR:CONSOLE(1)] "Unknown VE context: -o-tab-size", source: devtools://devtools/bundled/devtools-frontend/front_end/ui/visual_logging/visual_logging.js (1)
thg 9 26, 2024 17:42:54.98 [13416:8884:0926/174254.980:ERROR:CONSOLE(1)] "Unknown VE context: -webkit-text-size-adjust", source: devtools://devtools/bundled/devtools-frontend/front_end/ui/visual_logging/visual_logging.js (1)
thg 9 26, 2024 17:42:55.28 [13416:8884:0926/174255.281:ERROR:CONSOLE(1)] "Unknown VE context: -webkit-text-size-adjust", source: devtools://devtools/bundled/devtools-frontend/front_end/ui/visual_logging/visual_logging.js (1)
thg 9 26, 2024 17:42:55.28 [13416:8884:0926/174255.281:ERROR:CONSOLE(1)] "Unknown VE context: -moz-tab-size", source: devtools://devtools/bundled/devtools-frontend/front_end/ui/visual_logging/visual_logging.js (1)
thg 9 26, 2024 17:42:55.28 [13416:8884:0926/174255.281:ERROR:CONSOLE(1)] "Unknown VE context: -o-tab-size", source: devtools://devtools/bundled/devtools-frontend/front_end/ui/visual_logging/visual_logging.js (1)
thg 9 26, 2024 17:42:55.28 [13416:8884:0926/174255.282:ERROR:CONSOLE(1)] "Unknown VE context: -webkit-text-size-adjust", source: devtools://devtools/bundled/devtools-frontend/front_end/ui/visual_logging/visual_logging.js (1)
thg 9 26, 2024 17:42:55.60 [13416:8884:0926/174255.602:ERROR:CONSOLE(1)] "Unknown VE context: -webkit-text-size-adjust", source: devtools://devtools/bundled/devtools-frontend/front_end/ui/visual_logging/visual_logging.js (1)
thg 9 26, 2024 17:42:55.60 [13416:8884:0926/174255.602:ERROR:CONSOLE(1)] "Unknown VE context: -moz-tab-size", source: devtools://devtools/bundled/devtools-frontend/front_end/ui/visual_logging/visual_logging.js (1)
thg 9 26, 2024 17:42:55.60 [13416:8884:0926/174255.603:ERROR:CONSOLE(1)] "Unknown VE context: -o-tab-size", source: devtools://devtools/bundled/devtools-frontend/front_end/ui/visual_logging/visual_logging.js (1)
thg 9 26, 2024 17:42:55.60 [13416:8884:0926/174255.607:ERROR:CONSOLE(1)] "Unknown VE context: -webkit-text-size-adjust", source: devtools://devtools/bundled/devtools-frontend/front_end/ui/visual_logging/visual_logging.js (1)
thg 9 26, 2024 17:42:55.94 [13416:8884:0926/174255.949:ERROR:CONSOLE(1)] "Unknown VE context: -webkit-text-size-adjust", source: devtools://devtools/bundled/devtools-frontend/front_end/ui/visual_logging/visual_logging.js (1)
thg 9 26, 2024 17:42:55.94 [13416:8884:0926/174255.949:ERROR:CONSOLE(1)] "Unknown VE context: -moz-tab-size", source: devtools://devtools/bundled/devtools-frontend/front_end/ui/visual_logging/visual_logging.js (1)
thg 9 26, 2024 17:42:55.95 [13416:8884:0926/174255.949:ERROR:CONSOLE(1)] "Unknown VE context: -o-tab-size", source: devtools://devtools/bundled/devtools-frontend/front_end/ui/visual_logging/visual_logging.js (1)
thg 9 26, 2024 17:42:55.95 [13416:8884:0926/174255.949:ERROR:CONSOLE(1)] "Unknown VE context: -webkit-text-size-adjust", source: devtools://devtools/bundled/devtools-frontend/front_end/ui/visual_logging/visual_logging.js (1)
thg 9 26, 2024 17:42:56.12 [13416:8884:0926/174256.127:ERROR:CONSOLE(1)] "Unknown VE context: -webkit-text-size-adjust", source: devtools://devtools/bundled/devtools-frontend/front_end/ui/visual_logging/visual_logging.js (1)
thg 9 26, 2024 17:42:56.12 [13416:8884:0926/174256.127:ERROR:CONSOLE(1)] "Unknown VE context: -moz-tab-size", source: devtools://devtools/bundled/devtools-frontend/front_end/ui/visual_logging/visual_logging.js (1)
thg 9 26, 2024 17:42:56.12 [13416:8884:0926/174256.127:ERROR:CONSOLE(1)] "Unknown VE context: -o-tab-size", source: devtools://devtools/bundled/devtools-frontend/front_end/ui/visual_logging/visual_logging.js (1)
thg 9 26, 2024 17:42:56.13 [13416:8884:0926/174256.130:ERROR:CONSOLE(1)] "Unknown VE context: -webkit-text-size-adjust", source: devtools://devtools/bundled/devtools-frontend/front_end/ui/visual_logging/visual_logging.js (1)
thg 9 26, 2024 17:42:56.55 [13416:8884:0926/174256.557:ERROR:CONSOLE(1)] "Unknown VE context: -webkit-text-size-adjust", source: devtools://devtools/bundled/devtools-frontend/front_end/ui/visual_logging/visual_logging.js (1)
thg 9 26, 2024 17:42:56.55 [13416:8884:0926/174256.557:ERROR:CONSOLE(1)] "Unknown VE context: -moz-tab-size", source: devtools://devtools/bundled/devtools-frontend/front_end/ui/visual_logging/visual_logging.js (1)
thg 9 26, 2024 17:42:56.55 [13416:8884:0926/174256.557:ERROR:CONSOLE(1)] "Unknown VE context: -o-tab-size", source: devtools://devtools/bundled/devtools-frontend/front_end/ui/visual_logging/visual_logging.js (1)
thg 9 26, 2024 17:42:56.55 [13416:8884:0926/174256.557:ERROR:CONSOLE(1)] "Unknown VE context: -webkit-text-size-adjust", source: devtools://devtools/bundled/devtools-frontend/front_end/ui/visual_logging/visual_logging.js (1)
thg 9 26, 2024 17:42:56.63 [13416:8884:0926/174256.631:ERROR:CONSOLE(1)] "Unknown VE context: -webkit-text-size-adjust", source: devtools://devtools/bundled/devtools-frontend/front_end/ui/visual_logging/visual_logging.js (1)
thg 9 26, 2024 17:42:56.63 [13416:8884:0926/174256.631:ERROR:CONSOLE(1)] "Unknown VE context: -moz-tab-size", source: devtools://devtools/bundled/devtools-frontend/front_end/ui/visual_logging/visual_logging.js (1)
thg 9 26, 2024 17:42:56.63 [13416:8884:0926/174256.631:ERROR:CONSOLE(1)] "Unknown VE context: -o-tab-size", source: devtools://devtools/bundled/devtools-frontend/front_end/ui/visual_logging/visual_logging.js (1)
thg 9 26, 2024 17:42:56.63 [13416:8884:0926/174256.634:ERROR:CONSOLE(1)] "Unknown VE context: -webkit-text-size-adjust", source: devtools://devtools/bundled/devtools-frontend/front_end/ui/visual_logging/visual_logging.js (1)
thg 9 26, 2024 17:42:57.01 [13416:8884:0926/174257.010:ERROR:CONSOLE(1)] "Unknown VE context: -webkit-text-size-adjust", source: devtools://devtools/bundled/devtools-frontend/front_end/ui/visual_logging/visual_logging.js (1)
thg 9 26, 2024 17:42:57.01 [13416:8884:0926/174257.010:ERROR:CONSOLE(1)] "Unknown VE context: -moz-tab-size", source: devtools://devtools/bundled/devtools-frontend/front_end/ui/visual_logging/visual_logging.js (1)
thg 9 26, 2024 17:42:57.01 [13416:8884:0926/174257.010:ERROR:CONSOLE(1)] "Unknown VE context: -o-tab-size", source: devtools://devtools/bundled/devtools-frontend/front_end/ui/visual_logging/visual_logging.js (1)
thg 9 26, 2024 17:42:57.01 [13416:8884:0926/174257.012:ERROR:CONSOLE(1)] "Unknown VE context: -webkit-text-size-adjust", source: devtools://devtools/bundled/devtools-frontend/front_end/ui/visual_logging/visual_logging.js (1)
thg 9 26, 2024 17:42:57.30 [13416:8884:0926/174257.308:ERROR:CONSOLE(1)] "Unknown VE context: -webkit-text-size-adjust", source: devtools://devtools/bundled/devtools-frontend/front_end/ui/visual_logging/visual_logging.js (1)
thg 9 26, 2024 17:42:57.30 [13416:8884:0926/174257.308:ERROR:CONSOLE(1)] "Unknown VE context: -moz-tab-size", source: devtools://devtools/bundled/devtools-frontend/front_end/ui/visual_logging/visual_logging.js (1)
thg 9 26, 2024 17:42:57.30 [13416:8884:0926/174257.308:ERROR:CONSOLE(1)] "Unknown VE context: -o-tab-size", source: devtools://devtools/bundled/devtools-frontend/front_end/ui/visual_logging/visual_logging.js (1)
thg 9 26, 2024 17:42:57.31 [13416:8884:0926/174257.312:ERROR:CONSOLE(1)] "Unknown VE context: -webkit-text-size-adjust", source: devtools://devtools/bundled/devtools-frontend/front_end/ui/visual_logging/visual_logging.js (1)
thg 9 26, 2024 17:42:57.48 [13416:8884:0926/174257.488:ERROR:CONSOLE(1)] "Unknown VE context: -webkit-text-size-adjust", source: devtools://devtools/bundled/devtools-frontend/front_end/ui/visual_logging/visual_logging.js (1)
thg 9 26, 2024 17:42:57.48 [13416:8884:0926/174257.488:ERROR:CONSOLE(1)] "Unknown VE context: -moz-tab-size", source: devtools://devtools/bundled/devtools-frontend/front_end/ui/visual_logging/visual_logging.js (1)
thg 9 26, 2024 17:42:57.48 [13416:8884:0926/174257.488:ERROR:CONSOLE(1)] "Unknown VE context: -o-tab-size", source: devtools://devtools/bundled/devtools-frontend/front_end/ui/visual_logging/visual_logging.js (1)
thg 9 26, 2024 17:42:57.48 [13416:8884:0926/174257.488:ERROR:CONSOLE(1)] "Unknown VE context: -webkit-text-size-adjust", source: devtools://devtools/bundled/devtools-frontend/front_end/ui/visual_logging/visual_logging.js (1)
thg 9 26, 2024 17:42:57.64 [13416:8884:0926/174257.640:ERROR:CONSOLE(1)] "Unknown VE context: -webkit-text-size-adjust", source: devtools://devtools/bundled/devtools-frontend/front_end/ui/visual_logging/visual_logging.js (1)
thg 9 26, 2024 17:42:57.64 [13416:8884:0926/174257.640:ERROR:CONSOLE(1)] "Unknown VE context: -moz-tab-size", source: devtools://devtools/bundled/devtools-frontend/front_end/ui/visual_logging/visual_logging.js (1)
thg 9 26, 2024 17:42:57.64 [13416:8884:0926/174257.640:ERROR:CONSOLE(1)] "Unknown VE context: -o-tab-size", source: devtools://devtools/bundled/devtools-frontend/front_end/ui/visual_logging/visual_logging.js (1)
thg 9 26, 2024 17:42:57.64 [13416:8884:0926/174257.643:ERROR:CONSOLE(1)] "Unknown VE context: -webkit-text-size-adjust", source: devtools://devtools/bundled/devtools-frontend/front_end/ui/visual_logging/visual_logging.js (1)
thg 9 26, 2024 17:42:58.04 [13416:8884:0926/174258.048:ERROR:CONSOLE(1)] "Unknown VE context: -webkit-text-size-adjust", source: devtools://devtools/bundled/devtools-frontend/front_end/ui/visual_logging/visual_logging.js (1)
thg 9 26, 2024 17:42:58.04 [13416:8884:0926/174258.048:ERROR:CONSOLE(1)] "Unknown VE context: -moz-tab-size", source: devtools://devtools/bundled/devtools-frontend/front_end/ui/visual_logging/visual_logging.js (1)
thg 9 26, 2024 17:42:58.04 [13416:8884:0926/174258.048:ERROR:CONSOLE(1)] "Unknown VE context: -o-tab-size", source: devtools://devtools/bundled/devtools-frontend/front_end/ui/visual_logging/visual_logging.js (1)
thg 9 26, 2024 17:42:58.04 [13416:8884:0926/174258.048:ERROR:CONSOLE(1)] "Unknown VE context: -webkit-text-size-adjust", source: devtools://devtools/bundled/devtools-frontend/front_end/ui/visual_logging/visual_logging.js (1)
thg 9 26, 2024 17:42:58.70 [13416:8884:0926/174258.702:ERROR:CONSOLE(1)] "Unknown VE context: -webkit-text-size-adjust", source: devtools://devtools/bundled/devtools-frontend/front_end/ui/visual_logging/visual_logging.js (1)
thg 9 26, 2024 17:42:58.70 [13416:8884:0926/174258.702:ERROR:CONSOLE(1)] "Unknown VE context: -moz-tab-size", source: devtools://devtools/bundled/devtools-frontend/front_end/ui/visual_logging/visual_logging.js (1)
thg 9 26, 2024 17:42:58.70 [13416:8884:0926/174258.702:ERROR:CONSOLE(1)] "Unknown VE context: -o-tab-size", source: devtools://devtools/bundled/devtools-frontend/front_end/ui/visual_logging/visual_logging.js (1)
thg 9 26, 2024 17:42:58.70 [13416:8884:0926/174258.702:ERROR:CONSOLE(1)] "Unknown VE context: -webkit-text-size-adjust", source: devtools://devtools/bundled/devtools-frontend/front_end/ui/visual_logging/visual_logging.js (1)
thg 9 26, 2024 17:43:01.23 [13416:8884:0926/174301.237:ERROR:CONSOLE(1)] "Unknown VE context: -webkit-text-size-adjust", source: devtools://devtools/bundled/devtools-frontend/front_end/ui/visual_logging/visual_logging.js (1)
thg 9 26, 2024 17:43:01.23 [13416:8884:0926/174301.237:ERROR:CONSOLE(1)] "Unknown VE context: -moz-tab-size", source: devtools://devtools/bundled/devtools-frontend/front_end/ui/visual_logging/visual_logging.js (1)
thg 9 26, 2024 17:43:01.23 [13416:8884:0926/174301.237:ERROR:CONSOLE(1)] "Unknown VE context: -o-tab-size", source: devtools://devtools/bundled/devtools-frontend/front_end/ui/visual_logging/visual_logging.js (1)
thg 9 26, 2024 17:43:01.23 [13416:8884:0926/174301.237:ERROR:CONSOLE(1)] "Unknown VE context: -webkit-text-size-adjust", source: devtools://devtools/bundled/devtools-frontend/front_end/ui/visual_logging/visual_logging.js (1)
thg 9 26, 2024 17:43:01.39 [13416:8884:0926/174301.390:ERROR:CONSOLE(1)] "Unknown VE context: -webkit-text-size-adjust", source: devtools://devtools/bundled/devtools-frontend/front_end/ui/visual_logging/visual_logging.js (1)
thg 9 26, 2024 17:43:01.39 [13416:8884:0926/174301.391:ERROR:CONSOLE(1)] "Unknown VE context: -moz-tab-size", source: devtools://devtools/bundled/devtools-frontend/front_end/ui/visual_logging/visual_logging.js (1)
thg 9 26, 2024 17:43:01.39 [13416:8884:0926/174301.392:ERROR:CONSOLE(1)] "Unknown VE context: -o-tab-size", source: devtools://devtools/bundled/devtools-frontend/front_end/ui/visual_logging/visual_logging.js (1)
thg 9 26, 2024 17:43:01.40 [13416:8884:0926/174301.400:ERROR:CONSOLE(1)] "Unknown VE context: -webkit-text-size-adjust", source: devtools://devtools/bundled/devtools-frontend/front_end/ui/visual_logging/visual_logging.js (1)
thg 9 26, 2024 17:43:01.80 [13416:8884:0926/174301.802:ERROR:CONSOLE(1)] "Unknown VE context: -webkit-text-size-adjust", source: devtools://devtools/bundled/devtools-frontend/front_end/ui/visual_logging/visual_logging.js (1)
thg 9 26, 2024 17:43:01.80 [13416:8884:0926/174301.802:ERROR:CONSOLE(1)] "Unknown VE context: -moz-tab-size", source: devtools://devtools/bundled/devtools-frontend/front_end/ui/visual_logging/visual_logging.js (1)
thg 9 26, 2024 17:43:01.80 [13416:8884:0926/174301.802:ERROR:CONSOLE(1)] "Unknown VE context: -o-tab-size", source: devtools://devtools/bundled/devtools-frontend/front_end/ui/visual_logging/visual_logging.js (1)
thg 9 26, 2024 17:43:01.80 [13416:8884:0926/174301.806:ERROR:CONSOLE(1)] "Unknown VE context: -webkit-text-size-adjust", source: devtools://devtools/bundled/devtools-frontend/front_end/ui/visual_logging/visual_logging.js (1)
thg 9 26, 2024 17:43:02.01 [13416:8884:0926/174302.018:ERROR:CONSOLE(1)] "Unknown VE context: -webkit-text-size-adjust", source: devtools://devtools/bundled/devtools-frontend/front_end/ui/visual_logging/visual_logging.js (1)
thg 9 26, 2024 17:43:02.01 [13416:8884:0926/174302.018:ERROR:CONSOLE(1)] "Unknown VE context: -moz-tab-size", source: devtools://devtools/bundled/devtools-frontend/front_end/ui/visual_logging/visual_logging.js (1)
thg 9 26, 2024 17:43:02.01 [13416:8884:0926/174302.018:ERROR:CONSOLE(1)] "Unknown VE context: -o-tab-size", source: devtools://devtools/bundled/devtools-frontend/front_end/ui/visual_logging/visual_logging.js (1)
thg 9 26, 2024 17:43:02.01 [13416:8884:0926/174302.018:ERROR:CONSOLE(1)] "Unknown VE context: -webkit-text-size-adjust", source: devtools://devtools/bundled/devtools-frontend/front_end/ui/visual_logging/visual_logging.js (1)
thg 9 26, 2024 17:43:02.65 [13416:8884:0926/174302.653:ERROR:CONSOLE(1)] "Unknown VE context: -webkit-text-size-adjust", source: devtools://devtools/bundled/devtools-frontend/front_end/ui/visual_logging/visual_logging.js (1)
thg 9 26, 2024 17:43:02.65 [13416:8884:0926/174302.653:ERROR:CONSOLE(1)] "Unknown VE context: -moz-tab-size", source: devtools://devtools/bundled/devtools-frontend/front_end/ui/visual_logging/visual_logging.js (1)
thg 9 26, 2024 17:43:02.65 [13416:8884:0926/174302.653:ERROR:CONSOLE(1)] "Unknown VE context: -o-tab-size", source: devtools://devtools/bundled/devtools-frontend/front_end/ui/visual_logging/visual_logging.js (1)
thg 9 26, 2024 17:43:02.65 [13416:8884:0926/174302.653:ERROR:CONSOLE(1)] "Unknown VE context: -webkit-text-size-adjust", source: devtools://devtools/bundled/devtools-frontend/front_end/ui/visual_logging/visual_logging.js (1)
thg 9 26, 2024 17:43:03.30 [13416:8884:0926/174303.302:ERROR:CONSOLE(1)] "Unknown VE context: -webkit-text-size-adjust", source: devtools://devtools/bundled/devtools-frontend/front_end/ui/visual_logging/visual_logging.js (1)
thg 9 26, 2024 17:43:03.30 [13416:8884:0926/174303.302:ERROR:CONSOLE(1)] "Unknown VE context: -moz-tab-size", source: devtools://devtools/bundled/devtools-frontend/front_end/ui/visual_logging/visual_logging.js (1)
thg 9 26, 2024 17:43:03.30 [13416:8884:0926/174303.302:ERROR:CONSOLE(1)] "Unknown VE context: -o-tab-size", source: devtools://devtools/bundled/devtools-frontend/front_end/ui/visual_logging/visual_logging.js (1)
thg 9 26, 2024 17:43:03.30 [13416:8884:0926/174303.302:ERROR:CONSOLE(1)] "Unknown VE context: -webkit-text-size-adjust", source: devtools://devtools/bundled/devtools-frontend/front_end/ui/visual_logging/visual_logging.js (1)
thg 9 26, 2024 17:43:03.43 [13416:8884:0926/174303.432:ERROR:CONSOLE(1)] "Unknown VE context: -webkit-text-size-adjust", source: devtools://devtools/bundled/devtools-frontend/front_end/ui/visual_logging/visual_logging.js (1)
thg 9 26, 2024 17:43:03.43 [13416:8884:0926/174303.432:ERROR:CONSOLE(1)] "Unknown VE context: -moz-tab-size", source: devtools://devtools/bundled/devtools-frontend/front_end/ui/visual_logging/visual_logging.js (1)
thg 9 26, 2024 17:43:03.43 [13416:8884:0926/174303.432:ERROR:CONSOLE(1)] "Unknown VE context: -o-tab-size", source: devtools://devtools/bundled/devtools-frontend/front_end/ui/visual_logging/visual_logging.js (1)
thg 9 26, 2024 17:43:03.43 [13416:8884:0926/174303.436:ERROR:CONSOLE(1)] "Unknown VE context: -webkit-text-size-adjust", source: devtools://devtools/bundled/devtools-frontend/front_end/ui/visual_logging/visual_logging.js (1)
thg 9 26, 2024 17:43:03.75 [13416:8884:0926/174303.754:ERROR:CONSOLE(1)] "Unknown VE context: -webkit-text-size-adjust", source: devtools://devtools/bundled/devtools-frontend/front_end/ui/visual_logging/visual_logging.js (1)
thg 9 26, 2024 17:43:03.75 [13416:8884:0926/174303.755:ERROR:CONSOLE(1)] "Unknown VE context: -moz-tab-size", source: devtools://devtools/bundled/devtools-frontend/front_end/ui/visual_logging/visual_logging.js (1)
thg 9 26, 2024 17:43:03.75 [13416:8884:0926/174303.755:ERROR:CONSOLE(1)] "Unknown VE context: -o-tab-size", source: devtools://devtools/bundled/devtools-frontend/front_end/ui/visual_logging/visual_logging.js (1)
thg 9 26, 2024 17:43:03.75 [13416:8884:0926/174303.759:ERROR:CONSOLE(1)] "Unknown VE context: -webkit-text-size-adjust", source: devtools://devtools/bundled/devtools-frontend/front_end/ui/visual_logging/visual_logging.js (1)
thg 9 26, 2024 17:43:04.00 [13416:8884:0926/174304.000:ERROR:CONSOLE(1)] "Unknown VE context: -webkit-text-size-adjust", source: devtools://devtools/bundled/devtools-frontend/front_end/ui/visual_logging/visual_logging.js (1)
thg 9 26, 2024 17:43:04.00 [13416:8884:0926/174304.000:ERROR:CONSOLE(1)] "Unknown VE context: -moz-tab-size", source: devtools://devtools/bundled/devtools-frontend/front_end/ui/visual_logging/visual_logging.js (1)
thg 9 26, 2024 17:43:04.00 [13416:8884:0926/174304.000:ERROR:CONSOLE(1)] "Unknown VE context: -o-tab-size", source: devtools://devtools/bundled/devtools-frontend/front_end/ui/visual_logging/visual_logging.js (1)
thg 9 26, 2024 17:43:04.00 [13416:8884:0926/174304.000:ERROR:CONSOLE(1)] "Unknown VE context: -webkit-text-size-adjust", source: devtools://devtools/bundled/devtools-frontend/front_end/ui/visual_logging/visual_logging.js (1)
thg 9 26, 2024 17:43:04.57 [13416:8884:0926/174304.577:ERROR:CONSOLE(1)] "Unknown VE context: -webkit-text-size-adjust", source: devtools://devtools/bundled/devtools-frontend/front_end/ui/visual_logging/visual_logging.js (1)
thg 9 26, 2024 17:43:04.57 [13416:8884:0926/174304.577:ERROR:CONSOLE(1)] "Unknown VE context: -moz-tab-size", source: devtools://devtools/bundled/devtools-frontend/front_end/ui/visual_logging/visual_logging.js (1)
thg 9 26, 2024 17:43:04.57 [13416:8884:0926/174304.577:ERROR:CONSOLE(1)] "Unknown VE context: -o-tab-size", source: devtools://devtools/bundled/devtools-frontend/front_end/ui/visual_logging/visual_logging.js (1)
thg 9 26, 2024 17:43:04.58 [13416:8884:0926/174304.577:ERROR:CONSOLE(1)] "Unknown VE context: -webkit-text-size-adjust", source: devtools://devtools/bundled/devtools-frontend/front_end/ui/visual_logging/visual_logging.js (1)
thg 9 26, 2024 17:43:05.18 [13416:8884:0926/174305.188:ERROR:CONSOLE(1)] "Unknown VE context: -webkit-text-size-adjust", source: devtools://devtools/bundled/devtools-frontend/front_end/ui/visual_logging/visual_logging.js (1)
thg 9 26, 2024 17:43:05.18 [13416:8884:0926/174305.188:ERROR:CONSOLE(1)] "Unknown VE context: -moz-tab-size", source: devtools://devtools/bundled/devtools-frontend/front_end/ui/visual_logging/visual_logging.js (1)
thg 9 26, 2024 17:43:05.19 [13416:8884:0926/174305.188:ERROR:CONSOLE(1)] "Unknown VE context: -o-tab-size", source: devtools://devtools/bundled/devtools-frontend/front_end/ui/visual_logging/visual_logging.js (1)
thg 9 26, 2024 17:43:05.19 [13416:8884:0926/174305.189:ERROR:CONSOLE(1)] "Unknown VE context: -webkit-text-size-adjust", source: devtools://devtools/bundled/devtools-frontend/front_end/ui/visual_logging/visual_logging.js (1)
thg 9 26, 2024 17:43:09.75 [13416:12208:0926/174309.754:ERROR:registration_request.cc(291)] Registration response error message: DEPRECATED_ENDPOINT
thg 9 26, 2024 17:46:31.17 [13416:12208:0926/174631.167:ERROR:registration_request.cc(291)] Registration response error message: DEPRECATED_ENDPOINT
